0 verbose cli /usr/local/bin/node /usr/local/bin/npm
1 info using npm@11.12.1
2 info using node@v24.15.0
3 silly config load:file:/usr/local/lib/node_modules/npm/npmrc
4 silly config load:file:/Volumes/MAK SSD 2/Trada Media/trada.space/.npmrc
5 silly config load:file:/Users/mehmetkoca/.npmrc
6 silly config load:file:/usr/local/etc/npmrc
7 verbose title npm install @types/archiver
8 verbose argv "install" "--save-dev" "@types/archiver" "--cache" ".npm-cache-temp"
9 verbose logfile logs-max:10 dir:/Volumes/MAK SSD 2/Trada Media/trada.space/.npm-cache-temp/_logs/2026-05-17T22_11_46_663Z-
10 verbose logfile /Volumes/MAK SSD 2/Trada Media/trada.space/.npm-cache-temp/_logs/2026-05-17T22_11_46_663Z-debug-0.log
11 silly logfile done cleaning log files
12 silly packumentCache heap:4496293888 maxSize:1124073472 maxEntrySize:562036736
13 silly idealTree buildDeps
14 silly fetch manifest @types/archiver@*
15 silly packumentCache full:https://registry.npmjs.org/@types%2farchiver cache-miss
16 http fetch GET 200 https://registry.npmjs.org/@types%2farchiver 716ms (cache miss)
17 silly packumentCache full:https://registry.npmjs.org/@types%2farchiver set size:undefined disposed:false
18 silly placeDep ROOT @types/archiver@7.0.0 OK for: trada.space@0.1.0 want: *
19 silly fetch manifest @types/readdir-glob@*
20 silly packumentCache full:https://registry.npmjs.org/@types%2freaddir-glob cache-miss
21 http fetch GET 200 https://registry.npmjs.org/@types%2freaddir-glob 118ms (cache miss)
22 silly packumentCache full:https://registry.npmjs.org/@types%2freaddir-glob set size:undefined disposed:false
23 silly placeDep ROOT @types/readdir-glob@1.1.5 OK for: @types/archiver@7.0.0 want: *
24 silly reify moves {}
25 silly audit bulk request {
25 silly audit   '@alloc/quick-lru': [ '5.2.0' ],
25 silly audit   '@babel/code-frame': [ '7.29.0' ],
25 silly audit   '@babel/compat-data': [ '7.29.3' ],
25 silly audit   '@babel/core': [ '7.29.0' ],
25 silly audit   '@babel/generator': [ '7.29.1' ],
25 silly audit   '@babel/helper-annotate-as-pure': [ '7.27.3' ],
25 silly audit   '@babel/helper-compilation-targets': [ '7.28.6' ],
25 silly audit   '@babel/helper-create-class-features-plugin': [ '7.29.3' ],
25 silly audit   '@babel/helper-globals': [ '7.28.0' ],
25 silly audit   '@babel/helper-member-expression-to-functions': [ '7.28.5' ],
25 silly audit   '@babel/helper-module-imports': [ '7.28.6' ],
25 silly audit   '@babel/helper-module-transforms': [ '7.28.6' ],
25 silly audit   '@babel/helper-optimise-call-expression': [ '7.27.1' ],
25 silly audit   '@babel/helper-plugin-utils': [ '7.28.6' ],
25 silly audit   '@babel/helper-replace-supers': [ '7.28.6' ],
25 silly audit   '@babel/helper-skip-transparent-expression-wrappers': [ '7.27.1' ],
25 silly audit   '@babel/helper-string-parser': [ '7.27.1' ],
25 silly audit   '@babel/helper-validator-identifier': [ '7.28.5' ],
25 silly audit   '@babel/helper-validator-option': [ '7.27.1' ],
25 silly audit   '@babel/helpers': [ '7.29.2' ],
25 silly audit   '@babel/parser': [ '7.29.3' ],
25 silly audit   '@babel/plugin-syntax-jsx': [ '7.28.6' ],
25 silly audit   '@babel/plugin-syntax-typescript': [ '7.28.6' ],
25 silly audit   '@babel/plugin-transform-modules-commonjs': [ '7.28.6' ],
25 silly audit   '@babel/plugin-transform-typescript': [ '7.28.6' ],
25 silly audit   '@babel/preset-typescript': [ '7.28.5' ],
25 silly audit   '@babel/runtime': [ '7.29.2' ],
25 silly audit   '@babel/template': [ '7.28.6' ],
25 silly audit   '@babel/traverse': [ '7.29.0' ],
25 silly audit   '@babel/types': [ '7.29.0' ],
25 silly audit   '@base-ui/react': [ '1.4.1' ],
25 silly audit   '@base-ui/utils': [ '0.2.8' ],
25 silly audit   '@dotenvx/dotenvx': [ '1.65.0' ],
25 silly audit   commander: [ '11.1.0', '14.0.3' ],
25 silly audit   execa: [ '5.1.1', '9.6.1' ],
25 silly audit   fdir: [ '6.5.0' ],
25 silly audit   'get-stream': [ '6.0.1', '9.0.1' ],
25 silly audit   'human-signals': [ '2.1.0', '8.0.1' ],
25 silly audit   isexe: [ '3.1.5', '2.0.0' ],
25 silly audit   'npm-run-path': [ '4.0.1', '6.0.0' ],
25 silly audit   onetime: [ '5.1.2', '7.0.0' ],
25 silly audit   picomatch: [ '4.0.4', '2.3.2' ],
25 silly audit   'signal-exit': [ '3.0.7', '4.1.0' ],
25 silly audit   'strip-final-newline': [ '2.0.0', '4.0.0' ],
25 silly audit   which: [ '4.0.0', '2.0.2' ],
25 silly audit   '@ecies/ciphers': [ '0.2.6' ],
25 silly audit   '@emnapi/core': [ '1.10.0' ],
25 silly audit   '@emnapi/runtime': [ '1.10.0' ],
25 silly audit   '@emnapi/wasi-threads': [ '1.2.1' ],
25 silly audit   '@esbuild/aix-ppc64': [ '0.28.0' ],
25 silly audit   '@esbuild/android-arm': [ '0.28.0' ],
25 silly audit   '@esbuild/android-arm64': [ '0.28.0' ],
25 silly audit   '@esbuild/android-x64': [ '0.28.0' ],
25 silly audit   '@esbuild/darwin-arm64': [ '0.28.0' ],
25 silly audit   '@esbuild/darwin-x64': [ '0.28.0' ],
25 silly audit   '@esbuild/freebsd-arm64': [ '0.28.0' ],
25 silly audit   '@esbuild/freebsd-x64': [ '0.28.0' ],
25 silly audit   '@esbuild/linux-arm': [ '0.28.0' ],
25 silly audit   '@esbuild/linux-arm64': [ '0.28.0' ],
25 silly audit   '@esbuild/linux-ia32': [ '0.28.0' ],
25 silly audit   '@esbuild/linux-loong64': [ '0.28.0' ],
25 silly audit   '@esbuild/linux-mips64el': [ '0.28.0' ],
25 silly audit   '@esbuild/linux-ppc64': [ '0.28.0' ],
25 silly audit   '@esbuild/linux-riscv64': [ '0.28.0' ],
25 silly audit   '@esbuild/linux-s390x': [ '0.28.0' ],
25 silly audit   '@esbuild/linux-x64': [ '0.28.0' ],
25 silly audit   '@esbuild/netbsd-arm64': [ '0.28.0' ],
25 silly audit   '@esbuild/netbsd-x64': [ '0.28.0' ],
25 silly audit   '@esbuild/openbsd-arm64': [ '0.28.0' ],
25 silly audit   '@esbuild/openbsd-x64': [ '0.28.0' ],
25 silly audit   '@esbuild/openharmony-arm64': [ '0.28.0' ],
25 silly audit   '@esbuild/sunos-x64': [ '0.28.0' ],
25 silly audit   '@esbuild/win32-arm64': [ '0.28.0' ],
25 silly audit   '@esbuild/win32-ia32': [ '0.28.0' ],
25 silly audit   '@esbuild/win32-x64': [ '0.28.0' ],
25 silly audit   '@eslint-community/eslint-utils': [ '4.9.1' ],
25 silly audit   'eslint-visitor-keys': [ '3.4.3', '5.0.1', '4.2.1' ],
25 silly audit   '@eslint-community/regexpp': [ '4.12.2' ],
25 silly audit   '@eslint/config-array': [ '0.21.2' ],
25 silly audit   '@eslint/config-helpers': [ '0.4.2' ],
25 silly audit   '@eslint/core': [ '0.17.0' ],
25 silly audit   '@eslint/eslintrc': [ '3.3.5' ],
25 silly audit   '@eslint/js': [ '9.39.4' ],
25 silly audit   '@eslint/object-schema': [ '2.1.7' ],
25 silly audit   '@eslint/plugin-kit': [ '0.4.1' ],
25 silly audit   '@fastify/busboy': [ '3.2.0' ],
25 silly audit   '@firebase/ai': [ '2.12.0' ],
25 silly audit   '@firebase/analytics': [ '0.10.22' ],
25 silly audit   '@firebase/analytics-compat': [ '0.2.28' ],
25 silly audit   '@firebase/analytics-types': [ '0.8.4' ],
25 silly audit   '@firebase/app': [ '0.14.12' ],
25 silly audit   '@firebase/app-check': [ '0.11.3' ],
25 silly audit   '@firebase/app-check-compat': [ '0.4.3' ],
25 silly audit   '@firebase/app-check-interop-types': [ '0.3.4' ],
25 silly audit   '@firebase/app-check-types': [ '0.5.4' ],
25 silly audit   '@firebase/app-compat': [ '0.5.12' ],
25 silly audit   '@firebase/app-types': [ '0.9.5' ],
25 silly audit   '@firebase/auth': [ '1.13.1' ],
25 silly audit   '@firebase/auth-compat': [ '0.6.6' ],
25 silly audit   '@firebase/auth-interop-types': [ '0.2.5' ],
25 silly audit   '@firebase/auth-types': [ '0.13.1' ],
25 silly audit   '@firebase/component': [ '0.7.3' ],
25 silly audit   '@firebase/data-connect': [ '0.7.0' ],
25 silly audit   '@firebase/database': [ '1.1.3' ],
25 silly audit   '@firebase/database-compat': [ '2.1.4' ],
25 silly audit   '@firebase/database-types': [ '1.0.20' ],
25 silly audit   '@firebase/firestore': [ '4.14.1' ],
25 silly audit   '@firebase/firestore-compat': [ '0.4.9' ],
25 silly audit   '@firebase/firestore-types': [ '3.0.4' ],
25 silly audit   '@firebase/functions': [ '0.13.4' ],
25 silly audit   '@firebase/functions-compat': [ '0.4.4' ],
25 silly audit   '@firebase/functions-types': [ '0.6.4' ],
25 silly audit   '@firebase/installations': [ '0.6.22' ],
25 silly audit   '@firebase/installations-compat': [ '0.2.22' ],
25 silly audit   '@firebase/installations-types': [ '0.5.4' ],
25 silly audit   '@firebase/logger': [ '0.5.1' ],
25 silly audit   '@firebase/messaging': [ '0.12.26' ],
25 silly audit   '@firebase/messaging-compat': [ '0.2.26' ],
25 silly audit   '@firebase/messaging-interop-types': [ '0.2.4' ],
25 silly audit   '@firebase/performance': [ '0.7.12' ],
25 silly audit   '@firebase/performance-compat': [ '0.2.25' ],
25 silly audit   '@firebase/performance-types': [ '0.2.4' ],
25 silly audit   '@firebase/remote-config': [ '0.8.3' ],
25 silly audit   '@firebase/remote-config-compat': [ '0.2.24' ],
25 silly audit   '@firebase/remote-config-types': [ '0.5.1' ],
25 silly audit   '@firebase/storage': [ '0.14.3' ],
25 silly audit   '@firebase/storage-compat': [ '0.4.3' ],
25 silly audit   '@firebase/storage-types': [ '0.8.4' ],
25 silly audit   '@firebase/util': [ '1.15.1' ],
25 silly audit   '@firebase/webchannel-wrapper': [ '1.0.6' ],
25 silly audit   '@floating-ui/core': [ '1.7.5' ],
25 silly audit   '@floating-ui/dom': [ '1.7.6' ],
25 silly audit   '@floating-ui/react-dom': [ '2.1.8' ],
25 silly audit   '@floating-ui/utils': [ '0.2.11' ],
25 silly audit   '@google-cloud/firestore': [ '7.11.6' ],
25 silly audit   '@google-cloud/paginator': [ '5.0.2' ],
25 silly audit   '@google-cloud/projectify': [ '4.0.0' ],
25 silly audit   '@google-cloud/promisify': [ '4.0.0' ],
25 silly audit   '@google-cloud/storage': [ '7.19.0' ],
25 silly audit   'gcp-metadata': [ '6.1.1', '8.1.2' ],
25 silly audit   'google-auth-library': [ '9.15.1', '10.6.2' ],
25 silly audit   'google-logging-utils': [ '0.0.2', '1.1.3' ],
25 silly audit   uuid: [ '8.3.2', '9.0.1', '11.1.1' ],
25 silly audit   '@grpc/grpc-js': [ '1.9.15', '1.14.3' ],
25 silly audit   '@grpc/proto-loader': [ '0.7.15', '0.8.1' ],
25 silly audit   '@hello-pangea/dnd': [ '18.0.1' ],
25 silly audit   '@hono/node-server': [ '1.19.14' ],
25 silly audit   '@hookform/resolvers': [ '5.2.2' ],
25 silly audit   '@humanfs/core': [ '0.19.2' ],
25 silly audit   '@humanfs/node': [ '0.16.8' ],
25 silly audit   '@humanfs/types': [ '0.15.0' ],
25 silly audit   '@humanwhocodes/module-importer': [ '1.0.1' ],
25 silly audit   '@humanwhocodes/retry': [ '0.4.3' ],
25 silly audit   '@img/colour': [ '1.1.0' ],
25 silly audit   '@img/sharp-darwin-arm64': [ '0.34.5' ],
25 silly audit   '@img/sharp-darwin-x64': [ '0.34.5' ],
25 silly audit   '@img/sharp-libvips-darwin-arm64': [ '1.2.4' ],
25 silly audit   '@img/sharp-libvips-darwin-x64': [ '1.2.4' ],
25 silly audit   '@img/sharp-libvips-linux-arm': [ '1.2.4' ],
25 silly audit   '@img/sharp-libvips-linux-arm64': [ '1.2.4' ],
25 silly audit   '@img/sharp-libvips-linux-ppc64': [ '1.2.4' ],
25 silly audit   '@img/sharp-libvips-linux-riscv64': [ '1.2.4' ],
25 silly audit   '@img/sharp-libvips-linux-s390x': [ '1.2.4' ],
25 silly audit   '@img/sharp-libvips-linux-x64': [ '1.2.4' ],
25 silly audit   '@img/sharp-libvips-linuxmusl-arm64': [ '1.2.4' ],
25 silly audit   '@img/sharp-libvips-linuxmusl-x64': [ '1.2.4' ],
25 silly audit   '@img/sharp-linux-arm': [ '0.34.5' ],
25 silly audit   '@img/sharp-linux-arm64': [ '0.34.5' ],
25 silly audit   '@img/sharp-linux-ppc64': [ '0.34.5' ],
25 silly audit   '@img/sharp-linux-riscv64': [ '0.34.5' ],
25 silly audit   '@img/sharp-linux-s390x': [ '0.34.5' ],
25 silly audit   '@img/sharp-linux-x64': [ '0.34.5' ],
25 silly audit   '@img/sharp-linuxmusl-arm64': [ '0.34.5' ],
25 silly audit   '@img/sharp-linuxmusl-x64': [ '0.34.5' ],
25 silly audit   '@img/sharp-wasm32': [ '0.34.5' ],
25 silly audit   '@img/sharp-win32-arm64': [ '0.34.5' ],
25 silly audit   '@img/sharp-win32-ia32': [ '0.34.5' ],
25 silly audit   '@img/sharp-win32-x64': [ '0.34.5' ],
25 silly audit   '@inquirer/ansi': [ '2.0.5' ],
25 silly audit   '@inquirer/confirm': [ '6.0.13' ],
25 silly audit   '@inquirer/core': [ '11.1.10' ],
25 silly audit   '@inquirer/figures': [ '2.0.5' ],
25 silly audit   '@inquirer/type': [ '4.0.5' ],
25 silly audit   '@jridgewell/gen-mapping': [ '0.3.13' ],
25 silly audit   '@jridgewell/remapping': [ '2.3.5' ],
25 silly audit   '@jridgewell/resolve-uri': [ '3.1.2' ],
25 silly audit   '@jridgewell/sourcemap-codec': [ '1.5.5' ],
25 silly audit   '@jridgewell/trace-mapping': [ '0.3.31' ],
25 silly audit   '@js-sdsl/ordered-map': [ '4.4.2' ],
25 silly audit   '@modelcontextprotocol/sdk': [ '1.29.0' ],
25 silly audit   ajv: [ '8.20.0', '6.15.0' ],
25 silly audit   jose: [ '6.2.3', '4.15.9' ],
25 silly audit   'json-schema-traverse': [ '1.0.0', '0.4.1' ],
25 silly audit   '@mswjs/interceptors': [ '0.41.9' ],
25 silly audit   '@open-draft/deferred-promise': [ '2.2.0', '3.0.0' ],
25 silly audit   '@napi-rs/wasm-runtime': [ '0.2.12' ],
25 silly audit   '@next/env': [ '16.2.6' ],
25 silly audit   '@next/eslint-plugin-next': [ '16.2.6' ],
25 silly audit   '@next/swc-darwin-arm64': [ '16.2.6' ],
25 silly audit   '@next/swc-darwin-x64': [ '16.2.6' ],
25 silly audit   '@next/swc-linux-arm64-gnu': [ '16.2.6' ],
25 silly audit   '@next/swc-linux-arm64-musl': [ '16.2.6' ],
25 silly audit   '@next/swc-linux-x64-gnu': [ '16.2.6' ],
25 silly audit   '@next/swc-linux-x64-musl': [ '16.2.6' ],
25 silly audit   '@next/swc-win32-arm64-msvc': [ '16.2.6' ],
25 silly audit   '@next/swc-win32-x64-msvc': [ '16.2.6' ],
25 silly audit   '@noble/ciphers': [ '1.3.0' ],
25 silly audit   '@noble/curves': [ '1.9.7' ],
25 silly audit   '@noble/hashes': [ '1.8.0' ],
25 silly audit   '@nodable/entities': [ '2.1.0' ],
25 silly audit   '@nodelib/fs.scandir': [ '2.1.5' ],
25 silly audit   '@nodelib/fs.stat': [ '2.0.5' ],
25 silly audit   '@nodelib/fs.walk': [ '1.2.8' ],
25 silly audit   '@nolyfill/is-core-module': [ '1.0.39' ],
25 silly audit   '@open-draft/logger': [ '0.3.0' ],
25 silly audit   '@open-draft/until': [ '2.1.0' ],
25 silly audit   '@opentelemetry/api': [ '1.9.1' ],
25 silly audit   '@protobufjs/aspromise': [ '1.1.2' ],
25 silly audit   '@protobufjs/base64': [ '1.1.2' ],
25 silly audit   '@protobufjs/codegen': [ '2.0.5' ],
25 silly audit   '@protobufjs/eventemitter': [ '1.1.0' ],
25 silly audit   '@protobufjs/fetch': [ '1.1.0' ],
25 silly audit   '@protobufjs/float': [ '1.0.2' ],
25 silly audit   '@protobufjs/inquire': [ '1.1.1' ],
25 silly audit   '@protobufjs/path': [ '1.1.2' ],
25 silly audit   '@protobufjs/pool': [ '1.1.0' ],
25 silly audit   '@protobufjs/utf8': [ '1.1.1' ],
25 silly audit   '@reduxjs/toolkit': [ '2.11.2' ],
25 silly audit   immer: [ '11.1.8', '10.2.0' ],
25 silly audit   '@rtsao/scc': [ '1.1.0' ],
25 silly audit   '@sec-ant/readable-stream': [ '0.4.1' ],
25 silly audit   '@sindresorhus/merge-streams': [ '4.0.0' ],
25 silly audit   '@standard-schema/spec': [ '1.1.0' ],
25 silly audit   '@standard-schema/utils': [ '0.3.0' ],
25 silly audit   '@swc/helpers': [ '0.5.15' ],
25 silly audit   '@tailwindcss/node': [ '4.3.0' ],
25 silly audit   '@tailwindcss/oxide': [ '4.3.0' ],
25 silly audit   '@tailwindcss/oxide-android-arm64': [ '4.3.0' ],
25 silly audit   '@tailwindcss/oxide-darwin-arm64': [ '4.3.0' ],
25 silly audit   '@tailwindcss/oxide-darwin-x64': [ '4.3.0' ],
25 silly audit   '@tailwindcss/oxide-freebsd-x64': [ '4.3.0' ],
25 silly audit   '@tailwindcss/oxide-linux-arm-gnueabihf': [ '4.3.0' ],
25 silly audit   '@tailwindcss/oxide-linux-arm64-gnu': [ '4.3.0' ],
25 silly audit   '@tailwindcss/oxide-linux-arm64-musl': [ '4.3.0' ],
25 silly audit   '@tailwindcss/oxide-linux-x64-gnu': [ '4.3.0' ],
25 silly audit   '@tailwindcss/oxide-linux-x64-musl': [ '4.3.0' ],
25 silly audit   '@tailwindcss/oxide-wasm32-wasi': [ '4.3.0' ],
25 silly audit   '@tailwindcss/oxide-win32-arm64-msvc': [ '4.3.0' ],
25 silly audit   '@tailwindcss/oxide-win32-x64-msvc': [ '4.3.0' ],
25 silly audit   '@tailwindcss/postcss': [ '4.3.0' ],
25 silly audit   '@tanstack/query-core': [ '5.100.10' ],
25 silly audit   '@tanstack/react-query': [ '5.100.10' ],
25 silly audit   '@tootallnate/once': [ '2.0.1' ],
25 silly audit   '@ts-morph/common': [ '0.27.0' ],
25 silly audit   'balanced-match': [ '4.0.4', '1.0.2' ],
25 silly audit   'brace-expansion': [ '5.0.6', '1.1.14' ],
25 silly audit   'fast-glob': [ '3.3.3', '3.3.1' ],
25 silly audit   'glob-parent': [ '5.1.2', '6.0.2' ],
25 silly audit   minimatch: [ '10.2.5', '3.1.5' ],
25 silly audit   '@tybys/wasm-util': [ '0.10.2' ],
25 silly audit   '@types/caseless': [ '0.12.5' ],
25 silly audit   '@types/d3-array': [ '3.2.2' ],
25 silly audit   '@types/d3-color': [ '3.1.3' ],
25 silly audit   '@types/d3-ease': [ '3.0.2' ],
25 silly audit   '@types/d3-interpolate': [ '3.0.4' ],
25 silly audit   '@types/d3-path': [ '3.1.1' ],
25 silly audit   '@types/d3-scale': [ '4.0.9' ],
25 silly audit   '@types/d3-shape': [ '3.1.8' ],
25 silly audit   '@types/d3-time': [ '3.0.4' ],
25 silly audit   '@types/d3-timer': [ '3.0.2' ],
25 silly audit   '@types/estree': [ '1.0.9' ],
25 silly audit   '@types/json-schema': [ '7.0.15' ],
25 silly audit   '@types/json5': [ '0.0.29' ],
25 silly audit   '@types/jsonwebtoken': [ '9.0.10' ],
25 silly audit   '@types/long': [ '4.0.2' ],
25 silly audit   '@types/ms': [ '2.1.0' ],
25 silly audit   '@types/node': [ '20.19.41' ],
25 silly audit   '@types/react': [ '19.2.14' ],
25 silly audit   '@types/react-dom': [ '19.2.3' ],
25 silly audit   '@types/request': [ '2.48.13' ],
25 silly audit   '@types/set-cookie-parser': [ '2.4.10' ],
25 silly audit   '@types/statuses': [ '2.0.6' ],
25 silly audit   '@types/tough-cookie': [ '4.0.5' ],
25 silly audit   '@types/use-sync-external-store': [ '0.0.6' ],
25 silly audit   '@types/validate-npm-package-name': [ '4.0.2' ],
25 silly audit   '@typescript-eslint/eslint-plugin': [ '8.59.3' ],
25 silly audit   ignore: [ '7.0.5', '5.3.2' ],
25 silly audit   '@typescript-eslint/parser': [ '8.59.3' ],
25 silly audit   '@typescript-eslint/project-service': [ '8.59.3' ],
25 silly audit   '@typescript-eslint/scope-manager': [ '8.59.3' ],
25 silly audit   '@typescript-eslint/tsconfig-utils': [ '8.59.3' ],
25 silly audit   '@typescript-eslint/type-utils': [ '8.59.3' ],
25 silly audit   '@typescript-eslint/types': [ '8.59.3' ],
25 silly audit   '@typescript-eslint/typescript-estree': [ '8.59.3' ],
25 silly audit   semver: [ '7.8.0', '6.3.1' ],
25 silly audit   '@typescript-eslint/utils': [ '8.59.3' ],
25 silly audit   '@typescript-eslint/visitor-keys': [ '8.59.3' ],
25 silly audit   '@unrs/resolver-binding-android-arm-eabi': [ '1.11.1' ],
25 silly audit   '@unrs/resolver-binding-android-arm64': [ '1.11.1' ],
25 silly audit   '@unrs/resolver-binding-darwin-arm64': [ '1.11.1' ],
25 silly audit   '@unrs/resolver-binding-darwin-x64': [ '1.11.1' ],
25 silly audit   '@unrs/resolver-binding-freebsd-x64': [ '1.11.1' ],
25 silly audit   '@unrs/resolver-binding-linux-arm-gnueabihf': [ '1.11.1' ],
25 silly audit   '@unrs/resolver-binding-linux-arm-musleabihf': [ '1.11.1' ],
25 silly audit   '@unrs/resolver-binding-linux-arm64-gnu': [ '1.11.1' ],
25 silly audit   '@unrs/resolver-binding-linux-arm64-musl': [ '1.11.1' ],
25 silly audit   '@unrs/resolver-binding-linux-ppc64-gnu': [ '1.11.1' ],
25 silly audit   '@unrs/resolver-binding-linux-riscv64-gnu': [ '1.11.1' ],
25 silly audit   '@unrs/resolver-binding-linux-riscv64-musl': [ '1.11.1' ],
25 silly audit   '@unrs/resolver-binding-linux-s390x-gnu': [ '1.11.1' ],
25 silly audit   '@unrs/resolver-binding-linux-x64-gnu': [ '1.11.1' ],
25 silly audit   '@unrs/resolver-binding-linux-x64-musl': [ '1.11.1' ],
25 silly audit   '@unrs/resolver-binding-wasm32-wasi': [ '1.11.1' ],
25 silly audit   '@unrs/resolver-binding-win32-arm64-msvc': [ '1.11.1' ],
25 silly audit   '@unrs/resolver-binding-win32-ia32-msvc': [ '1.11.1' ],
25 silly audit   '@unrs/resolver-binding-win32-x64-msvc': [ '1.11.1' ],
25 silly audit   'abort-controller': [ '3.0.0' ],
25 silly audit   accepts: [ '2.0.0' ],
25 silly audit   'mime-db': [ '1.54.0', '1.52.0' ],
25 silly audit   'mime-types': [ '3.0.2', '2.1.35' ],
25 silly audit   acorn: [ '8.16.0' ],
25 silly audit   'acorn-jsx': [ '5.3.2' ],
25 silly audit   'agent-base': [ '7.1.4', '6.0.2' ],
25 silly audit   'ajv-formats': [ '3.0.1' ],
25 silly audit   'ansi-regex': [ '5.0.1', '6.2.2' ],
25 silly audit   'ansi-styles': [ '4.3.0' ],
25 silly audit   archiver: [ '8.0.0' ],
25 silly audit   'is-stream': [ '4.0.1', '2.0.1' ],
25 silly audit   'readable-stream': [ '4.7.0', '2.3.8', '3.6.2' ],
25 silly audit   argparse: [ '2.0.1' ],
25 silly audit   'aria-query': [ '5.3.2' ],
25 silly audit   'array-buffer-byte-length': [ '1.0.2' ],
25 silly audit   'array-includes': [ '3.1.9' ],
25 silly audit   'array.prototype.findlast': [ '1.2.5' ],
25 silly audit   'array.prototype.findlastindex': [ '1.2.6' ],
25 silly audit   'array.prototype.flat': [ '1.3.3' ],
25 silly audit   'array.prototype.flatmap': [ '1.3.3' ],
25 silly audit   'array.prototype.tosorted': [ '1.1.4' ],
25 silly audit   'arraybuffer.prototype.slice': [ '1.0.4' ],
25 silly audit   arrify: [ '2.0.1' ],
25 silly audit   'ast-types': [ '0.16.1' ],
25 silly audit   'ast-types-flow': [ '0.0.8' ],
25 silly audit   async: [ '3.2.6' ],
25 silly audit   'async-function': [ '1.0.0' ],
25 silly audit   'async-retry': [ '1.3.3' ],
25 silly audit   asynckit: [ '0.4.0' ],
25 silly audit   'available-typed-arrays': [ '1.0.7' ],
25 silly audit   'axe-core': [ '4.11.4' ],
25 silly audit   'axobject-query': [ '4.1.0' ],
25 silly audit   b4a: [ '1.8.1' ],
25 silly audit   'bare-events': [ '2.8.3' ],
25 silly audit   'bare-fs': [ '4.7.1' ],
25 silly audit   'bare-os': [ '3.9.1' ],
25 silly audit   'bare-path': [ '3.0.0' ],
25 silly audit   'bare-stream': [ '2.13.1' ],
25 silly audit   'bare-url': [ '2.4.3' ],
25 silly audit   'base64-js': [ '1.5.1' ],
25 silly audit   'baseline-browser-mapping': [ '2.10.29' ],
25 silly audit   'bignumber.js': [ '9.3.1' ],
25 silly audit   'body-parser': [ '2.2.2' ],
25 silly audit   braces: [ '3.0.3' ],
25 silly audit   browserslist: [ '4.28.2' ],
25 silly audit   buffer: [ '6.0.3' ],
25 silly audit   'buffer-crc32': [ '1.0.0' ],
25 silly audit   'buffer-equal-constant-time': [ '1.0.1' ],
25 silly audit   'bundle-name': [ '4.1.0' ],
25 silly audit   bytes: [ '3.1.2' ],
25 silly audit   'call-bind': [ '1.0.9' ],
25 silly audit   'call-bind-apply-helpers': [ '1.0.2' ],
25 silly audit   'call-bound': [ '1.0.4' ],
25 silly audit   callsites: [ '3.1.0' ],
25 silly audit   'caniuse-lite': [ '1.0.30001792' ],
25 silly audit   chalk: [ '4.1.2', '5.6.2' ],
25 silly audit   'class-variance-authority': [ '0.7.1' ],
25 silly audit   'cli-cursor': [ '5.0.0' ],
25 silly audit   'cli-spinners': [ '2.9.2' ],
25 silly audit   'cli-width': [ '4.1.0' ],
25 silly audit   'client-only': [ '0.0.1' ],
25 silly audit   cliui: [ '8.0.1' ],
25 silly audit   clsx: [ '2.1.1' ],
25 silly audit   'code-block-writer': [ '13.0.3' ],
25 silly audit   'color-convert': [ '2.0.1' ],
25 silly audit   'color-name': [ '1.1.4' ],
25 silly audit   'combined-stream': [ '1.0.8' ],
25 silly audit   'compress-commons': [ '7.0.1' ],
25 silly audit   'concat-map': [ '0.0.1' ],
25 silly audit   'content-disposition': [ '1.1.0' ],
25 silly audit   'content-type': [ '1.0.5' ],
25 silly audit   'convert-source-map': [ '2.0.0' ],
25 silly audit   cookie: [ '0.7.2', '1.1.1' ],
25 silly audit   'cookie-signature': [ '1.2.2' ],
25 silly audit   'core-util-is': [ '1.0.3' ],
25 silly audit   cors: [ '2.8.6' ],
25 silly audit   cosmiconfig: [ '9.0.1' ],
25 silly audit   'crc-32': [ '1.2.2' ],
25 silly audit   'crc32-stream': [ '7.0.1' ],
25 silly audit   'cross-spawn': [ '7.0.6' ],
25 silly audit   'css-box-model': [ '1.2.1' ],
25 silly audit   cssesc: [ '3.0.0' ],
25 silly audit   csstype: [ '3.2.3' ],
25 silly audit   'd3-array': [ '3.2.4' ],
25 silly audit   'd3-color': [ '3.1.0' ],
25 silly audit   'd3-ease': [ '3.0.1' ],
25 silly audit   'd3-format': [ '3.1.2' ],
25 silly audit   'd3-interpolate': [ '3.0.1' ],
25 silly audit   'd3-path': [ '3.1.0' ],
25 silly audit   'd3-scale': [ '4.0.2' ],
25 silly audit   'd3-shape': [ '3.2.0' ],
25 silly audit   'd3-time': [ '3.1.0' ],
25 silly audit   'd3-time-format': [ '4.1.0' ],
25 silly audit   'd3-timer': [ '3.0.1' ],
25 silly audit   'damerau-levenshtein': [ '1.0.8' ],
25 silly audit   'data-uri-to-buffer': [ '4.0.1' ],
25 silly audit   'data-view-buffer': [ '1.0.2' ],
25 silly audit   'data-view-byte-length': [ '1.0.2' ],
25 silly audit   'data-view-byte-offset': [ '1.0.1' ],
25 silly audit   'date-fns': [ '4.1.0' ],
25 silly audit   debug: [ '4.4.3', '3.2.7' ],
25 silly audit   'decimal.js-light': [ '2.5.1' ],
25 silly audit   dedent: [ '1.7.2' ],
25 silly audit   'deep-is': [ '0.1.4' ],
25 silly audit   deepmerge: [ '4.3.1' ],
25 silly audit   'default-browser': [ '5.5.0' ],
25 silly audit   'default-browser-id': [ '5.0.1' ],
25 silly audit   'define-data-property': [ '1.1.4' ],
25 silly audit   'define-lazy-prop': [ '3.0.0' ],
25 silly audit   'define-properties': [ '1.2.1' ],
25 silly audit   'delayed-stream': [ '1.0.0' ],
25 silly audit   depd: [ '2.0.0' ],
25 silly audit   'detect-libc': [ '2.1.2' ],
25 silly audit   diff: [ '8.0.4' ],
25 silly audit   doctrine: [ '2.1.0' ],
25 silly audit   dotenv: [ '17.4.2' ],
25 silly audit   'dunder-proto': [ '1.0.1' ],
25 silly audit   duplexify: [ '4.1.3' ],
25 silly audit   'ecdsa-sig-formatter': [ '1.0.11' ],
25 silly audit   eciesjs: [ '0.4.18' ],
25 silly audit   'ee-first': [ '1.1.1' ],
25 silly audit   'electron-to-chromium': [ '1.5.354' ],
25 silly audit   'emoji-regex': [ '9.2.2', '10.6.0', '8.0.0' ],
25 silly audit   encodeurl: [ '2.0.0' ],
25 silly audit   'end-of-stream': [ '1.4.5' ],
25 silly audit   'enhanced-resolve': [ '5.21.3' ],
25 silly audit   'env-paths': [ '2.2.1' ],
25 silly audit   'error-ex': [ '1.3.4' ],
25 silly audit   'es-abstract': [ '1.24.2' ],
25 silly audit   'es-define-property': [ '1.0.1' ],
25 silly audit   'es-errors': [ '1.3.0' ],
25 silly audit   'es-iterator-helpers': [ '1.3.2' ],
25 silly audit   'es-object-atoms': [ '1.1.1' ],
25 silly audit   'es-set-tostringtag': [ '2.1.0' ],
25 silly audit   'es-shim-unscopables': [ '1.1.0' ],
25 silly audit   'es-to-primitive': [ '1.3.0' ],
25 silly audit   'es-toolkit': [ '1.46.1' ],
25 silly audit   esbuild: [ '0.28.0' ],
25 silly audit   escalade: [ '3.2.0' ],
25 silly audit   'escape-html': [ '1.0.3' ],
25 silly audit   'escape-string-regexp': [ '4.0.0' ],
25 silly audit   eslint: [ '9.39.4' ],
25 silly audit   'eslint-config-next': [ '16.2.6' ],
25 silly audit   globals: [ '16.4.0', '14.0.0' ],
25 silly audit   'eslint-import-resolver-node': [ '0.3.10' ],
25 silly audit   'eslint-import-resolver-typescript': [ '3.10.1' ],
25 silly audit   'eslint-module-utils': [ '2.12.1' ],
25 silly audit   'eslint-plugin-import': [ '2.32.0' ],
25 silly audit   'eslint-plugin-jsx-a11y': [ '6.10.2' ],
25 silly audit   'eslint-plugin-react': [ '7.37.5' ],
25 silly audit   'eslint-plugin-react-hooks': [ '7.1.1' ],
25 silly audit   'eslint-scope': [ '8.4.0' ],
25 silly audit   espree: [ '10.4.0' ],
25 silly audit   esprima: [ '4.0.1' ],
25 silly audit   esquery: [ '1.7.0' ],
25 silly audit   esrecurse: [ '4.3.0' ],
25 silly audit   estraverse: [ '5.3.0' ],
25 silly audit   esutils: [ '2.0.3' ],
25 silly audit   etag: [ '1.8.1' ],
25 silly audit   'event-target-shim': [ '5.0.1' ],
25 silly audit   eventemitter3: [ '5.0.4' ],
25 silly audit   events: [ '3.3.0' ],
25 silly audit   'events-universal': [ '1.0.1' ],
25 silly audit   eventsource: [ '3.0.7' ],
25 silly audit   'eventsource-parser': [ '3.0.8' ],
25 silly audit   express: [ '5.2.1' ],
25 silly audit   'express-rate-limit': [ '8.5.1' ],
25 silly audit   extend: [ '3.0.2' ],
25 silly audit   'farmhash-modern': [ '1.1.0' ],
25 silly audit   'fast-deep-equal': [ '3.1.3' ],
25 silly audit   'fast-fifo': [ '1.3.2' ],
25 silly audit   'fast-json-stable-stringify': [ '2.1.0' ],
25 silly audit   'fast-levenshtein': [ '2.0.6' ],
25 silly audit   'fast-string-truncated-width': [ '3.0.3' ],
25 silly audit   'fast-string-width': [ '3.0.2' ],
25 silly audit   'fast-uri': [ '3.1.2' ],
25 silly audit   'fast-wrap-ansi': [ '0.2.0' ],
25 silly audit   'fast-xml-builder': [ '1.2.0' ],
25 silly audit   'fast-xml-parser': [ '5.8.0' ],
25 silly audit   fastq: [ '1.20.1' ],
25 silly audit   'faye-websocket': [ '0.11.4' ],
25 silly audit   'fetch-blob': [ '3.2.0' ],
25 silly audit   figures: [ '6.1.0' ],
25 silly audit   'file-entry-cache': [ '8.0.0' ],
25 silly audit   'fill-range': [ '7.1.1' ],
25 silly audit   finalhandler: [ '2.1.1' ],
25 silly audit   'find-up': [ '5.0.0' ],
25 silly audit   firebase: [ '12.13.0' ],
25 silly audit   'firebase-admin': [ '13.9.0' ],
25 silly audit   'flat-cache': [ '4.0.1' ],
25 silly audit   flatted: [ '3.4.2' ],
25 silly audit   'for-each': [ '0.3.5' ],
25 silly audit   'form-data': [ '2.5.5' ],
25 silly audit   'formdata-polyfill': [ '4.0.10' ],
25 silly audit   forwarded: [ '0.2.0' ],
25 silly audit   fresh: [ '2.0.0' ],
25 silly audit   'fs-extra': [ '11.3.5' ],
25 silly audit   fsevents: [ '2.3.3' ],
25 silly audit   'function-bind': [ '1.1.2' ],
25 silly audit   'function.prototype.name': [ '1.1.8' ],
25 silly audit   'functional-red-black-tree': [ '1.0.1' ],
25 silly audit   'functions-have-names': [ '1.2.3' ],
25 silly audit   fuzzysort: [ '3.1.0' ],
25 silly audit   gaxios: [ '6.7.1', '7.1.4' ],
25 silly audit   'node-fetch': [ '3.3.2', '2.7.0' ],
25 silly audit   'generator-function': [ '2.0.1' ],
25 silly audit   gensync: [ '1.0.0-beta.2' ],
25 silly audit   'get-caller-file': [ '2.0.5' ],
25 silly audit   'get-east-asian-width': [ '1.6.0' ],
25 silly audit   'get-intrinsic': [ '1.3.0' ],
25 silly audit   'get-own-enumerable-keys': [ '1.0.0' ],
25 silly audit   'get-proto': [ '1.0.1' ],
25 silly audit   'get-symbol-description': [ '1.1.0' ],
25 silly audit   'get-tsconfig': [ '4.14.0' ],
25 silly audit   globalthis: [ '1.0.4' ],
25 silly audit   'google-gax': [ '4.6.1' ],
25 silly audit   googleapis: [ '171.4.0' ],
25 silly audit   'googleapis-common': [ '8.0.1' ],
25 silly audit   gopd: [ '1.2.0' ],
25 silly audit   'graceful-fs': [ '4.2.11' ],
25 silly audit   graphql: [ '16.14.0' ],
25 silly audit   gtoken: [ '7.1.0' ],
25 silly audit   'has-bigints': [ '1.1.0' ],
25 silly audit   'has-flag': [ '4.0.0' ],
25 silly audit   'has-property-descriptors': [ '1.0.2' ],
25 silly audit   'has-proto': [ '1.2.0' ],
25 silly audit   'has-symbols': [ '1.1.0' ],
25 silly audit   'has-tostringtag': [ '1.0.2' ],
25 silly audit   hasown: [ '2.0.3' ],
25 silly audit   'headers-polyfill': [ '5.0.1' ],
25 silly audit   'hermes-estree': [ '0.25.1' ],
25 silly audit   'hermes-parser': [ '0.25.1' ],
25 silly audit   hono: [ '4.12.18' ],
25 silly audit   'html-entities': [ '2.6.0' ],
25 silly audit   'http-errors': [ '2.0.1' ],
25 silly audit   'http-parser-js': [ '0.5.10' ],
25 silly audit   'http-proxy-agent': [ '5.0.0' ],
25 silly audit   'https-proxy-agent': [ '7.0.6', '5.0.1' ],
25 silly audit   'iconv-lite': [ '0.7.2' ],
25 silly audit   idb: [ '7.1.1' ],
25 silly audit   ieee754: [ '1.2.1' ],
25 silly audit   'import-fresh': [ '3.3.1' ],
25 silly audit   imurmurhash: [ '0.1.4' ],
25 silly audit   inherits: [ '2.0.4' ],
25 silly audit   'internal-slot': [ '1.1.0' ],
25 silly audit   internmap: [ '2.0.3' ],
25 silly audit   'ip-address': [ '10.2.0' ],
25 silly audit   'ipaddr.js': [ '1.9.1' ],
25 silly audit   'is-array-buffer': [ '3.0.5' ],
25 silly audit   'is-arrayish': [ '0.2.1' ],
25 silly audit   'is-async-function': [ '2.1.1' ],
25 silly audit   'is-bigint': [ '1.1.0' ],
25 silly audit   'is-boolean-object': [ '1.2.2' ],
25 silly audit   'is-bun-module': [ '2.0.0' ],
25 silly audit   'is-callable': [ '1.2.7' ],
25 silly audit   'is-core-module': [ '2.16.2' ],
25 silly audit   'is-data-view': [ '1.0.2' ],
25 silly audit   'is-date-object': [ '1.1.0' ],
25 silly audit   'is-docker': [ '3.0.0' ],
25 silly audit   'is-extglob': [ '2.1.1' ],
25 silly audit   'is-finalizationregistry': [ '1.1.1' ],
25 silly audit   'is-fullwidth-code-point': [ '3.0.0' ],
25 silly audit   'is-generator-function': [ '1.1.2' ],
25 silly audit   'is-glob': [ '4.0.3' ],
25 silly audit   'is-in-ssh': [ '1.0.0' ],
25 silly audit   'is-inside-container': [ '1.0.0' ],
25 silly audit   'is-interactive': [ '2.0.0' ],
25 silly audit   'is-map': [ '2.0.3' ],
25 silly audit   'is-negative-zero': [ '2.0.3' ],
25 silly audit   'is-node-process': [ '1.2.0' ],
25 silly audit   'is-number': [ '7.0.0' ],
25 silly audit   'is-number-object': [ '1.1.1' ],
25 silly audit   'is-obj': [ '3.0.0' ],
25 silly audit   'is-plain-obj': [ '4.1.0' ],
25 silly audit   'is-promise': [ '4.0.0' ],
25 silly audit   'is-regex': [ '1.2.1' ],
25 silly audit   'is-regexp': [ '3.1.0' ],
25 silly audit   'is-set': [ '2.0.3' ],
25 silly audit   'is-shared-array-buffer': [ '1.0.4' ],
25 silly audit   'is-string': [ '1.1.1' ],
25 silly audit   'is-symbol': [ '1.1.1' ],
25 silly audit   'is-typed-array': [ '1.1.15' ],
25 silly audit   'is-unicode-supported': [ '2.1.0', '1.3.0' ],
25 silly audit   'is-weakmap': [ '2.0.2' ],
25 silly audit   'is-weakref': [ '1.1.1' ],
25 silly audit   'is-weakset': [ '2.0.4' ],
25 silly audit   'is-wsl': [ '3.1.1' ],
25 silly audit   isarray: [ '2.0.5', '1.0.0' ],
25 silly audit   'iterator.prototype': [ '1.1.5' ],
25 silly audit   jiti: [ '2.7.0' ],
25 silly audit   'js-tokens': [ '4.0.0' ],
25 silly audit   'js-yaml': [ '4.1.1' ],
25 silly audit   jsesc: [ '3.1.0' ],
25 silly audit   'json-bigint': [ '1.0.0' ],
25 silly audit   'json-buffer': [ '3.0.1' ],
25 silly audit   'json-parse-even-better-errors': [ '2.3.1' ],
25 silly audit   'json-schema-typed': [ '8.0.2' ],
25 silly audit   'json-stable-stringify-without-jsonify': [ '1.0.1' ],
25 silly audit   json5: [ '2.2.3', '1.0.2' ],
25 silly audit   jsonfile: [ '6.2.1' ],
25 silly audit   jsonwebtoken: [ '9.0.3' ],
25 silly audit   'jsx-ast-utils': [ '3.3.5' ],
25 silly audit   jwa: [ '2.0.1' ],
25 silly audit   'jwks-rsa': [ '3.2.2' ],
25 silly audit   jws: [ '4.0.1' ],
25 silly audit   keyv: [ '4.5.4' ],
25 silly audit   kleur: [ '4.1.5', '3.0.3' ],
25 silly audit   'language-subtag-registry': [ '0.3.23' ],
25 silly audit   'language-tags': [ '1.0.9' ],
25 silly audit   lazystream: [ '1.0.1' ],
25 silly audit   'safe-buffer': [ '5.1.2', '5.2.1' ],
25 silly audit   string_decoder: [ '1.1.1', '1.3.0' ],
25 silly audit   levn: [ '0.4.1' ],
25 silly audit   lightningcss: [ '1.32.0' ],
25 silly audit   'lightningcss-android-arm64': [ '1.32.0' ],
25 silly audit   'lightningcss-darwin-arm64': [ '1.32.0' ],
25 silly audit   'lightningcss-darwin-x64': [ '1.32.0' ],
25 silly audit   'lightningcss-freebsd-x64': [ '1.32.0' ],
25 silly audit   'lightningcss-linux-arm-gnueabihf': [ '1.32.0' ],
25 silly audit   'lightningcss-linux-arm64-gnu': [ '1.32.0' ],
25 silly audit   'lightningcss-linux-arm64-musl': [ '1.32.0' ],
25 silly audit   'lightningcss-linux-x64-gnu': [ '1.32.0' ],
25 silly audit   'lightningcss-linux-x64-musl': [ '1.32.0' ],
25 silly audit   'lightningcss-win32-arm64-msvc': [ '1.32.0' ],
25 silly audit   'lightningcss-win32-x64-msvc': [ '1.32.0' ],
25 silly audit   limiter: [ '1.1.5' ],
25 silly audit   'lines-and-columns': [ '1.2.4' ],
25 silly audit   'locate-path': [ '6.0.0' ],
25 silly audit   'lodash.camelcase': [ '4.3.0' ],
25 silly audit   'lodash.clonedeep': [ '4.5.0' ],
25 silly audit   'lodash.includes': [ '4.3.0' ],
25 silly audit   'lodash.isboolean': [ '3.0.3' ],
25 silly audit   'lodash.isinteger': [ '4.0.4' ],
25 silly audit   'lodash.isnumber': [ '3.0.3' ],
25 silly audit   'lodash.isplainobject': [ '4.0.6' ],
25 silly audit   'lodash.isstring': [ '4.0.1' ],
25 silly audit   'lodash.merge': [ '4.6.2' ],
25 silly audit   'lodash.once': [ '4.1.1' ],
25 silly audit   'log-symbols': [ '6.0.0' ],
25 silly audit   long: [ '5.3.2' ],
25 silly audit   'loose-envify': [ '1.4.0' ],
25 silly audit   'lru-cache': [ '5.1.1', '6.0.0' ],
25 silly audit   'lru-memoizer': [ '2.3.0' ],
25 silly audit   yallist: [ '4.0.0', '3.1.1' ],
25 silly audit   'lucide-react': [ '0.400.0' ],
25 silly audit   'magic-string': [ '0.30.21' ],
25 silly audit   'math-intrinsics': [ '1.1.0' ],
25 silly audit   'media-typer': [ '1.1.0' ],
25 silly audit   'merge-descriptors': [ '2.0.0' ],
25 silly audit   'merge-stream': [ '2.0.0' ],
25 silly audit   merge2: [ '1.4.1' ],
25 silly audit   micromatch: [ '4.0.8' ],
25 silly audit   mime: [ '3.0.0' ],
25 silly audit   'mimic-fn': [ '2.1.0' ],
25 silly audit   'mimic-function': [ '5.0.1' ],
25 silly audit   minimist: [ '1.2.8' ],
25 silly audit   ms: [ '2.1.3' ],
25 silly audit   msw: [ '2.14.6' ],
25 silly audit   'mute-stream': [ '3.0.0' ],
25 silly audit   nanoid: [ '3.3.12' ],
25 silly audit   'napi-postinstall': [ '0.3.4' ],
25 silly audit   'natural-compare': [ '1.4.0' ],
25 silly audit   negotiator: [ '1.0.0' ],
25 silly audit   next: [ '16.2.6' ],
25 silly audit   postcss: [ '8.4.31', '8.5.14' ],
25 silly audit   'node-domexception': [ '1.0.0' ],
25 silly audit   'node-exports-info': [ '1.6.0' ],
25 silly audit   'node-forge': [ '1.4.0' ],
25 silly audit   'node-releases': [ '2.0.44' ],
25 silly audit   'normalize-path': [ '3.0.0' ],
25 silly audit   'path-key': [ '4.0.0', '3.1.1' ],
25 silly audit   'object-assign': [ '4.1.1' ],
25 silly audit   'object-hash': [ '3.0.0' ],
25 silly audit   'object-inspect': [ '1.13.4' ],
25 silly audit   'object-keys': [ '1.1.1' ],
25 silly audit   'object-treeify': [ '1.1.33' ],
25 silly audit   'object.assign': [ '4.1.7' ],
25 silly audit   'object.entries': [ '1.1.9' ],
25 silly audit   'object.fromentries': [ '2.0.8' ],
25 silly audit   'object.groupby': [ '1.0.3' ],
25 silly audit   'object.values': [ '1.2.1' ],
25 silly audit   'on-finished': [ '2.4.1' ],
25 silly audit   once: [ '1.4.0' ],
25 silly audit   open: [ '11.0.0' ],
25 silly audit   optionator: [ '0.9.4' ],
25 silly audit   ora: [ '8.2.0' ],
25 silly audit   'string-width': [ '7.2.0', '4.2.3' ],
25 silly audit   'strip-ansi': [ '7.2.0', '6.0.1' ],
25 silly audit   outvariant: [ '1.4.3' ],
25 silly audit   'own-keys': [ '1.0.1' ],
25 silly audit   'p-limit': [ '3.1.0' ],
25 silly audit   'p-locate': [ '5.0.0' ],
25 silly audit   'parent-module': [ '1.0.1' ],
25 silly audit   'parse-json': [ '5.2.0' ],
25 silly audit   'parse-ms': [ '4.0.0' ],
25 silly audit   parseurl: [ '1.3.3' ],
25 silly audit   'path-browserify': [ '1.0.1' ],
25 silly audit   'path-exists': [ '4.0.0' ],
25 silly audit   'path-expression-matcher': [ '1.5.0' ],
25 silly audit   'path-parse': [ '1.0.7' ],
25 silly audit   'path-to-regexp': [ '6.3.0', '8.4.2' ],
25 silly audit   picocolors: [ '1.1.1' ],
25 silly audit   'pkce-challenge': [ '5.0.1' ],
25 silly audit   'possible-typed-array-names': [ '1.1.0' ],
25 silly audit   'postcss-selector-parser': [ '7.1.1' ],
25 silly audit   'powershell-utils': [ '0.1.0' ],
25 silly audit   'prelude-ls': [ '1.2.1' ],
25 silly audit   'pretty-ms': [ '9.3.0' ],
25 silly audit   process: [ '0.11.10' ],
25 silly audit   'process-nextick-args': [ '2.0.1' ],
25 silly audit   prompts: [ '2.4.2' ],
25 silly audit   'prop-types': [ '15.8.1' ],
25 silly audit   'proto3-json-serializer': [ '2.0.2' ],
25 silly audit   protobufjs: [ '7.5.8' ],
25 silly audit   'proxy-addr': [ '2.0.7' ],
25 silly audit   punycode: [ '2.3.1' ],
25 silly audit   qs: [ '6.15.1' ],
25 silly audit   'queue-microtask': [ '1.2.3' ],
25 silly audit   'raf-schd': [ '4.0.3' ],
25 silly audit   'range-parser': [ '1.2.1' ],
25 silly audit   'raw-body': [ '3.0.2' ],
25 silly audit   react: [ '19.2.4' ],
25 silly audit   'react-dom': [ '19.2.4' ],
25 silly audit   'react-hook-form': [ '7.75.0' ],
25 silly audit   'react-is': [ '16.13.1' ],
25 silly audit   'react-redux': [ '9.2.0' ],
25 silly audit   'readdir-glob': [ '3.0.0' ],
25 silly audit   recast: [ '0.23.11' ],
25 silly audit   recharts: [ '3.8.1' ],
25 silly audit   redux: [ '5.0.1' ],
25 silly audit   'redux-thunk': [ '3.1.0' ],
25 silly audit   'reflect.getprototypeof': [ '1.0.10' ],
25 silly audit   'regexp.prototype.flags': [ '1.5.4' ],
25 silly audit   'require-directory': [ '2.1.1' ],
25 silly audit   'require-from-string': [ '2.0.2' ],
25 silly audit   reselect: [ '5.1.1' ],
25 silly audit   resolve: [ '2.0.0-next.6' ],
25 silly audit   'resolve-from': [ '4.0.0' ],
25 silly audit   'resolve-pkg-maps': [ '1.0.0' ],
25 silly audit   'restore-cursor': [ '5.1.0' ],
25 silly audit   retry: [ '0.13.1' ],
25 silly audit   'retry-request': [ '7.0.2' ],
25 silly audit   rettime: [ '0.11.11' ],
25 silly audit   reusify: [ '1.1.0' ],
25 silly audit   router: [ '2.2.0' ],
25 silly audit   'run-applescript': [ '7.1.0' ],
25 silly audit   'run-parallel': [ '1.2.0' ],
25 silly audit   'safe-array-concat': [ '1.1.4' ],
25 silly audit   'safe-push-apply': [ '1.0.0' ],
25 silly audit   'safe-regex-test': [ '1.1.0' ],
25 silly audit   'safer-buffer': [ '2.1.2' ],
25 silly audit   scheduler: [ '0.27.0' ],
25 silly audit   send: [ '1.2.1' ],
25 silly audit   'serve-static': [ '2.2.1' ],
25 silly audit   'set-cookie-parser': [ '3.1.0' ],
25 silly audit   'set-function-length': [ '1.2.2' ],
25 silly audit   'set-function-name': [ '2.0.2' ],
25 silly audit   'set-proto': [ '1.0.0' ],
25 silly audit   setprototypeof: [ '1.2.0' ],
25 silly audit   shadcn: [ '4.7.0' ],
25 silly audit   'tsconfig-paths': [ '4.2.0', '3.15.0' ],
25 silly audit   zod: [ '3.25.76', '4.4.3' ],
25 silly audit   sharp: [ '0.34.5' ],
25 silly audit   'shebang-command': [ '2.0.0' ],
25 silly audit   'shebang-regex': [ '3.0.0' ],
25 silly audit   'side-channel': [ '1.1.0' ],
25 silly audit   'side-channel-list': [ '1.0.1' ],
25 silly audit   'side-channel-map': [ '1.0.1' ],
25 silly audit   'side-channel-weakmap': [ '1.0.2' ],
25 silly audit   sisteransi: [ '1.0.5' ],
25 silly audit   sonner: [ '2.0.7' ],
25 silly audit   'source-map': [ '0.6.1' ],
25 silly audit   'source-map-js': [ '1.2.1' ],
25 silly audit   'stable-hash': [ '0.0.5' ],
25 silly audit   statuses: [ '2.0.2' ],
25 silly audit   'stdin-discarder': [ '0.2.2' ],
25 silly audit   'stop-iteration-iterator': [ '1.1.0' ],
25 silly audit   'stream-events': [ '1.0.5' ],
25 silly audit   'stream-shift': [ '1.0.3' ],
25 silly audit   streamx: [ '2.25.0' ],
25 silly audit   'strict-event-emitter': [ '0.5.1' ],
25 silly audit   'string.prototype.includes': [ '2.0.1' ],
25 silly audit   'string.prototype.matchall': [ '4.0.12' ],
25 silly audit   'string.prototype.repeat': [ '1.0.0' ],
25 silly audit   'string.prototype.trim': [ '1.2.10' ],
25 silly audit   'string.prototype.trimend': [ '1.0.9' ],
25 silly audit   'string.prototype.trimstart': [ '1.0.8' ],
25 silly audit   'stringify-object': [ '5.0.0' ],
25 silly audit   'strip-bom': [ '3.0.0' ],
25 silly audit   'strip-json-comments': [ '3.1.1' ],
25 silly audit   strnum: [ '2.3.0' ],
25 silly audit   stubs: [ '3.0.0' ],
25 silly audit   'styled-jsx': [ '5.1.6' ],
25 silly audit   'supports-color': [ '7.2.0' ],
25 silly audit   'supports-preserve-symlinks-flag': [ '1.0.0' ],
25 silly audit   'tagged-tag': [ '1.0.0' ],
25 silly audit   'tailwind-merge': [ '3.6.0' ],
25 silly audit   tailwindcss: [ '4.3.0' ],
25 silly audit   tapable: [ '2.3.3' ],
25 silly audit   'tar-stream': [ '3.2.0' ],
25 silly audit   'teeny-request': [ '9.0.0' ],
25 silly audit   teex: [ '1.0.1' ],
25 silly audit   'text-decoder': [ '1.2.7' ],
25 silly audit   'tiny-invariant': [ '1.3.3' ],
25 silly audit   tinyglobby: [ '0.2.16' ],
25 silly audit   tldts: [ '7.0.30' ],
25 silly audit   'tldts-core': [ '7.0.30' ],
25 silly audit   'to-regex-range': [ '5.0.1' ],
25 silly audit   toidentifier: [ '1.0.1' ],
25 silly audit   'tough-cookie': [ '6.0.1' ],
25 silly audit   tr46: [ '0.0.3' ],
25 silly audit   'ts-api-utils': [ '2.5.0' ],
25 silly audit   'ts-morph': [ '26.0.0' ],
25 silly audit   tslib: [ '2.8.1' ],
25 silly audit   tsx: [ '4.22.1' ],
25 silly audit   'tw-animate-css': [ '1.4.0' ],
25 silly audit   'type-check': [ '0.4.0' ],
25 silly audit   'type-fest': [ '5.6.0' ],
25 silly audit   'type-is': [ '2.0.1' ],
25 silly audit   'typed-array-buffer': [ '1.0.3' ],
25 silly audit   'typed-array-byte-length': [ '1.0.3' ],
25 silly audit   'typed-array-byte-offset': [ '1.0.4' ],
25 silly audit   'typed-array-length': [ '1.0.7' ],
25 silly audit   typescript: [ '5.9.3' ],
25 silly audit   'typescript-eslint': [ '8.59.3' ],
25 silly audit   'unbox-primitive': [ '1.1.0' ],
25 silly audit   'undici-types': [ '6.21.0' ],
25 silly audit   'unicorn-magic': [ '0.3.0' ],
25 silly audit   universalify: [ '2.0.1' ],
25 silly audit   unpipe: [ '1.0.0' ],
25 silly audit   'unrs-resolver': [ '1.11.1' ],
25 silly audit   'until-async': [ '3.0.2' ],
25 silly audit   'update-browserslist-db': [ '1.2.3' ],
25 silly audit   'uri-js': [ '4.4.1' ],
25 silly audit   'url-template': [ '2.0.8' ],
25 silly audit   'use-sync-external-store': [ '1.6.0' ],
25 silly audit   'util-deprecate': [ '1.0.2' ],
25 silly audit   'validate-npm-package-name': [ '7.0.2' ],
25 silly audit   vary: [ '1.1.2' ],
25 silly audit   'victory-vendor': [ '37.3.6' ],
25 silly audit   'web-streams-polyfill': [ '3.3.3' ],
25 silly audit   'web-vitals': [ '4.2.4' ],
25 silly audit   'webidl-conversions': [ '3.0.1' ],
25 silly audit   'websocket-driver': [ '0.7.4' ],
25 silly audit   'websocket-extensions': [ '0.1.4' ],
25 silly audit   'whatwg-url': [ '5.0.0' ],
25 silly audit   'which-boxed-primitive': [ '1.1.1' ],
25 silly audit   'which-builtin-type': [ '1.2.1' ],
25 silly audit   'which-collection': [ '1.0.2' ],
25 silly audit   'which-typed-array': [ '1.1.20' ],
25 silly audit   'word-wrap': [ '1.2.5' ],
25 silly audit   'wrap-ansi': [ '7.0.0' ],
25 silly audit   wrappy: [ '1.0.2' ],
25 silly audit   'wsl-utils': [ '0.3.1' ],
25 silly audit   'xml-naming': [ '0.1.0' ],
25 silly audit   y18n: [ '5.0.8' ],
25 silly audit   yargs: [ '17.7.2' ],
25 silly audit   'yargs-parser': [ '21.1.1' ],
25 silly audit   'yocto-queue': [ '0.1.0' ],
25 silly audit   'yocto-spinner': [ '1.2.0' ],
25 silly audit   yoctocolors: [ '2.1.2' ],
25 silly audit   'zip-stream': [ '7.0.5' ],
25 silly audit   'zod-to-json-schema': [ '3.25.2' ],
25 silly audit   'zod-validation-error': [ '4.0.2' ],
25 silly audit   zustand: [ '5.0.13' ],
25 silly audit   '@types/archiver': [ '7.0.0' ],
25 silly audit   '@types/readdir-glob': [ '1.1.5' ]
25 silly audit }
26 http cache @types/readdir-glob@https://registry.npmjs.org/@types/readdir-glob/-/readdir-glob-1.1.5.tgz 0ms (cache hit)
27 http cache @types/archiver@https://registry.npmjs.org/@types/archiver/-/archiver-7.0.0.tgz 0ms (cache hit)
28 http cache fsevents@https://registry.npmjs.org/fsevents/-/fsevents-2.3.3.tgz 0ms (cache hit)
29 silly tarball no local data for @types/readdir-glob@https://registry.npmjs.org/@types/readdir-glob/-/readdir-glob-1.1.5.tgz. Extracting by manifest.
30 silly tarball no local data for @types/archiver@https://registry.npmjs.org/@types/archiver/-/archiver-7.0.0.tgz. Extracting by manifest.
31 http fetch POST 200 https://registry.npmjs.org/-/npm/v1/security/advisories/bulk 240ms
32 silly audit report {
32 silly audit report   '@tootallnate/once': [
32 silly audit report     {
32 silly audit report       id: 1113977,
32 silly audit report       url: 'https://github.com/advisories/GHSA-vpq2-c234-7xj6',
32 silly audit report       title: '@tootallnate/once vulnerable to Incorrect Control Flow Scoping',
32 silly audit report       severity: 'low',
32 silly audit report       vulnerable_versions: '<3.0.1',
32 silly audit report       cwe: [Array],
32 silly audit report       cvss: [Object]
32 silly audit report     }
32 silly audit report   ],
32 silly audit report   postcss: [
32 silly audit report     {
32 silly audit report       id: 1117015,
32 silly audit report       url: 'https://github.com/advisories/GHSA-qx2v-qp2m-jg93',
32 silly audit report       title: 'PostCSS has XSS via Unescaped </style> in its CSS Stringify Output',
32 silly audit report       severity: 'moderate',
32 silly audit report       vulnerable_versions: '<8.5.10',
32 silly audit report       cwe: [Array],
32 silly audit report       cvss: [Object]
32 silly audit report     }
32 silly audit report   ]
32 silly audit report }
33 silly packumentCache corgi:https://registry.npmjs.org/@tootallnate%2fonce cache-miss
34 silly packumentCache corgi:https://registry.npmjs.org/postcss cache-miss
35 http cache https://registry.npmjs.org/postcss 47ms (cache hit)
36 silly packumentCache corgi:https://registry.npmjs.org/postcss set size:343873 disposed:false
37 http cache https://registry.npmjs.org/@tootallnate%2fonce 50ms (cache hit)
38 silly packumentCache corgi:https://registry.npmjs.org/@tootallnate%2fonce set size:11748 disposed:false
39 silly packumentCache corgi:https://registry.npmjs.org/http-proxy-agent cache-miss
40 http fetch GET 200 https://registry.npmjs.org/@types/archiver/-/archiver-7.0.0.tgz 287ms (cache miss)
41 http cache https://registry.npmjs.org/http-proxy-agent 7ms (cache hit)
42 silly packumentCache corgi:https://registry.npmjs.org/http-proxy-agent set size:24577 disposed:false
43 silly packumentCache corgi:https://registry.npmjs.org/next cache-miss
44 http cache https://registry.npmjs.org/next 33ms (cache hit)
45 silly packumentCache corgi:https://registry.npmjs.org/next set size:24969750 disposed:false
46 silly packumentCache corgi:https://registry.npmjs.org/teeny-request cache-miss
47 http cache https://registry.npmjs.org/teeny-request 52ms (cache hit)
48 silly packumentCache corgi:https://registry.npmjs.org/teeny-request set size:97803 disposed:false
49 silly packumentCache corgi:https://registry.npmjs.org/@google-cloud%2fstorage cache-miss
50 silly packumentCache corgi:https://registry.npmjs.org/retry-request cache-miss
51 http cache https://registry.npmjs.org/@google-cloud%2fstorage 42ms (cache hit)
52 silly packumentCache corgi:https://registry.npmjs.org/@google-cloud%2fstorage set size:478103 disposed:false
53 http cache https://registry.npmjs.org/retry-request 47ms (cache hit)
54 silly packumentCache corgi:https://registry.npmjs.org/retry-request set size:40804 disposed:false
55 silly packumentCache corgi:https://registry.npmjs.org/firebase-admin cache-miss
56 http fetch GET 200 https://registry.npmjs.org/@types/readdir-glob/-/readdir-glob-1.1.5.tgz 696ms (cache miss)
57 http cache https://registry.npmjs.org/firebase-admin 151ms (cache hit)
58 silly packumentCache corgi:https://registry.npmjs.org/firebase-admin set size:342953 disposed:false
59 silly packumentCache corgi:https://registry.npmjs.org/google-gax cache-miss
60 http cache https://registry.npmjs.org/google-gax 68ms (cache hit)
61 silly packumentCache corgi:https://registry.npmjs.org/google-gax set size:997085 disposed:false
62 silly packumentCache corgi:https://registry.npmjs.org/@google-cloud%2ffirestore cache-miss
63 http cache https://registry.npmjs.org/@google-cloud%2ffirestore 7ms (cache hit)
64 silly packumentCache corgi:https://registry.npmjs.org/@google-cloud%2ffirestore set size:330220 disposed:false
65 silly ADD node_modules/@types/readdir-glob
66 silly ADD node_modules/@types/archiver
67 silly ADD node_modules/fsevents
68 verbose cwd /Volumes/MAK SSD 2/Trada Media/trada.space
69 verbose os Darwin 25.3.0
70 verbose node v24.15.0
71 verbose npm  v11.12.1
72 verbose exit 0
73 info ok
